<?xml version="1.0" encoding="UTF-8"?>
<!-- Generated by org.testng.reporters.JUnitReportReporter -->
<testsuite hostname="SHIVA-PC" failures="0" tests="2" name="scs.ManageOperation" time="4.733" errors="0" timestamp="2023-08-25T11:59:38 IST" skipped="0">
  <testcase classname="scs.ManageOperation" name="navigate_to_homepage_click_on_getstarted" time="4.231"/>
  <system-out/>
  <testcase classname="scs.ManageOperation" name="enter_userDetails" time="0.502"/>
  <system-out/>
</testsuite> <!-- scs.ManageOperation -->
